mode: set
MiniProject/features/medical_checkup_details/service/service.go:12.131,16.2 1 1
MiniProject/features/medical_checkup_details/service/service.go:18.168,21.16 2 1
MiniProject/features/medical_checkup_details/service/service.go:21.16,23.3 1 1
MiniProject/features/medical_checkup_details/service/service.go:25.2,25.28 1 1
MiniProject/features/medical_checkup_details/service/service.go:27.148,30.16 2 1
MiniProject/features/medical_checkup_details/service/service.go:30.16,32.3 1 1
MiniProject/features/medical_checkup_details/service/service.go:34.2,34.20 1 1
MiniProject/features/medical_checkup_details/service/service.go:36.174,39.16 2 1
MiniProject/features/medical_checkup_details/service/service.go:39.16,41.3 1 1
MiniProject/features/medical_checkup_details/service/service.go:43.2,43.20 1 1
MiniProject/features/medical_checkup_details/service/service.go:45.165,48.16 2 1
MiniProject/features/medical_checkup_details/service/service.go:48.16,50.3 1 1
MiniProject/features/medical_checkup_details/service/service.go:52.2,52.20 1 1
MiniProject/features/medical_checkup_details/service/service.go:54.107,57.16 2 1
MiniProject/features/medical_checkup_details/service/service.go:57.16,59.3 1 1
MiniProject/features/medical_checkup_details/service/service.go:61.2,61.20 1 1
MiniProject/features/appointments/service/service.go:12.95,16.2 1 1
MiniProject/features/appointments/service/service.go:18.107,21.16 2 1
MiniProject/features/appointments/service/service.go:21.16,23.3 1 1
MiniProject/features/appointments/service/service.go:25.2,25.42 1 1
MiniProject/features/appointments/service/service.go:27.94,30.16 2 1
MiniProject/features/appointments/service/service.go:30.16,32.3 1 1
MiniProject/features/appointments/service/service.go:34.2,34.20 1 1
MiniProject/features/appointments/service/service.go:36.118,40.16 2 1
MiniProject/features/appointments/service/service.go:40.16,42.3 1 1
MiniProject/features/appointments/service/service.go:44.2,44.20 1 1
MiniProject/features/appointments/service/service.go:46.111,49.16 2 1
MiniProject/features/appointments/service/service.go:49.16,51.3 1 1
MiniProject/features/appointments/service/service.go:53.2,53.20 1 1
MiniProject/features/appointments/service/service.go:55.71,58.16 2 1
MiniProject/features/appointments/service/service.go:58.16,60.3 1 1
MiniProject/features/appointments/service/service.go:62.2,62.20 1 1
MiniProject/features/medical_checkups/service/service.go:12.107,16.2 1 1
MiniProject/features/medical_checkups/service/service.go:18.102,21.16 2 1
MiniProject/features/medical_checkups/service/service.go:21.16,23.3 1 1
MiniProject/features/medical_checkups/service/service.go:25.2,25.20 1 1
MiniProject/features/medical_checkups/service/service.go:27.107,30.16 2 1
MiniProject/features/medical_checkups/service/service.go:30.16,32.3 1 1
MiniProject/features/medical_checkups/service/service.go:34.2,34.20 1 1
MiniProject/features/medical_checkups/service/service.go:36.137,39.16 2 1
MiniProject/features/medical_checkups/service/service.go:39.16,41.3 1 1
MiniProject/features/medical_checkups/service/service.go:43.2,43.20 1 1
MiniProject/features/medical_checkups/service/service.go:45.124,48.16 2 1
MiniProject/features/medical_checkups/service/service.go:48.16,50.3 1 1
MiniProject/features/medical_checkups/service/service.go:52.2,52.20 1 1
MiniProject/features/medical_checkups/service/service.go:54.78,57.16 2 1
MiniProject/features/medical_checkups/service/service.go:57.16,59.3 1 1
MiniProject/features/medical_checkups/service/service.go:61.2,61.20 1 1
MiniProject/features/medicine_categories/service/service.go:12.117,16.2 1 1
MiniProject/features/medicine_categories/service/service.go:18.108,21.16 2 1
MiniProject/features/medicine_categories/service/service.go:21.16,23.3 1 1
MiniProject/features/medicine_categories/service/service.go:25.2,25.20 1 1
MiniProject/features/medicine_categories/service/service.go:27.112,30.16 2 1
MiniProject/features/medicine_categories/service/service.go:30.16,32.3 1 1
MiniProject/features/medicine_categories/service/service.go:34.2,34.20 1 1
MiniProject/features/medicine_categories/service/service.go:36.151,39.16 2 1
MiniProject/features/medicine_categories/service/service.go:39.16,41.3 1 1
MiniProject/features/medicine_categories/service/service.go:43.2,43.20 1 1
MiniProject/features/medicine_categories/service/service.go:45.133,48.16 2 1
MiniProject/features/medicine_categories/service/service.go:48.16,50.3 1 1
MiniProject/features/medicine_categories/service/service.go:52.2,52.20 1 1
MiniProject/features/medicine_categories/service/service.go:54.82,57.16 2 1
MiniProject/features/medicine_categories/service/service.go:57.16,59.3 1 1
MiniProject/features/medicine_categories/service/service.go:61.2,61.20 1 1
MiniProject/features/medicines/service/service.go:13.83,17.2 1 1
MiniProject/features/medicines/service/service.go:19.102,22.16 2 1
MiniProject/features/medicines/service/service.go:22.16,24.3 1 1
MiniProject/features/medicines/service/service.go:26.2,26.20 1 1
MiniProject/features/medicines/service/service.go:29.82,32.16 2 1
MiniProject/features/medicines/service/service.go:32.16,34.3 1 1
MiniProject/features/medicines/service/service.go:36.2,36.20 1 1
MiniProject/features/medicines/service/service.go:39.100,42.16 2 1
MiniProject/features/medicines/service/service.go:42.16,44.3 1 1
MiniProject/features/medicines/service/service.go:46.2,46.20 1 1
MiniProject/features/medicines/service/service.go:49.99,52.16 2 1
MiniProject/features/medicines/service/service.go:52.16,54.3 1 1
MiniProject/features/medicines/service/service.go:56.2,56.20 1 1
MiniProject/features/medicines/service/service.go:59.65,62.16 2 1
MiniProject/features/medicines/service/service.go:62.16,64.3 1 1
MiniProject/features/medicines/service/service.go:66.2,66.20 1 1
MiniProject/features/medicines/service/service.go:69.84,72.16 2 0
MiniProject/features/medicines/service/service.go:72.16,74.3 1 0
MiniProject/features/medicines/service/service.go:76.2,76.23 1 0
MiniProject/features/medicines/service/service.go:79.86,82.16 2 0
MiniProject/features/medicines/service/service.go:82.16,84.3 1 0
MiniProject/features/medicines/service/service.go:86.2,86.23 1 0
MiniProject/features/medicines/service/service.go:89.82,92.16 2 1
MiniProject/features/medicines/service/service.go:92.16,94.3 1 1
MiniProject/features/medicines/service/service.go:96.2,96.20 1 1
MiniProject/features/medicines/service/service.go:99.84,102.16 2 1
MiniProject/features/medicines/service/service.go:102.16,104.3 1 1
MiniProject/features/medicines/service/service.go:106.2,106.20 1 1
MiniProject/features/transactions/service/service.go:14.122,19.2 1 1
MiniProject/features/transactions/service/service.go:21.102,24.16 2 1
MiniProject/features/transactions/service/service.go:24.16,26.3 1 1
MiniProject/features/transactions/service/service.go:28.2,28.20 1 1
MiniProject/features/transactions/service/service.go:31.106,33.16 2 1
MiniProject/features/transactions/service/service.go:33.16,35.3 1 1
MiniProject/features/transactions/service/service.go:37.2,38.16 2 1
MiniProject/features/transactions/service/service.go:38.16,40.3 1 1
MiniProject/features/transactions/service/service.go:42.2,43.16 2 1
MiniProject/features/transactions/service/service.go:43.16,45.3 1 1
MiniProject/features/transactions/service/service.go:47.2,47.25 1 1
MiniProject/features/transactions/service/service.go:50.87,52.16 2 1
MiniProject/features/transactions/service/service.go:52.16,54.3 1 1
MiniProject/features/transactions/service/service.go:56.2,57.16 2 1
MiniProject/features/transactions/service/service.go:57.16,59.3 1 1
MiniProject/features/transactions/service/service.go:61.2,61.19 1 1
MiniProject/features/transactions/service/service.go:64.88,67.16 2 1
MiniProject/features/transactions/service/service.go:67.16,69.3 1 1
MiniProject/features/transactions/service/service.go:71.2,71.17 1 1
MiniProject/features/transactions/service/service.go:74.136,77.16 2 1
MiniProject/features/transactions/service/service.go:77.16,79.3 1 1
MiniProject/features/transactions/service/service.go:81.2,81.33 1 1
MiniProject/features/users/service/service.go:15.92,20.2 1 1
MiniProject/features/users/service/service.go:22.74,25.16 2 1
MiniProject/features/users/service/service.go:25.16,26.45 1 1
MiniProject/features/users/service/service.go:26.45,28.4 1 1
MiniProject/features/users/service/service.go:29.3,29.55 1 1
MiniProject/features/users/service/service.go:29.55,31.4 1 1
MiniProject/features/users/service/service.go:32.3,32.52 1 1
MiniProject/features/users/service/service.go:35.2,35.20 1 1
MiniProject/features/users/service/service.go:37.85,40.16 2 1
MiniProject/features/users/service/service.go:40.16,41.49 1 1
MiniProject/features/users/service/service.go:41.49,43.4 1 1
MiniProject/features/users/service/service.go:44.3,44.58 1 1
MiniProject/features/users/service/service.go:44.58,46.4 1 1
MiniProject/features/users/service/service.go:47.3,47.43 1 1
MiniProject/features/users/service/service.go:50.2,52.22 2 1
MiniProject/features/users/service/service.go:52.22,54.3 1 1
MiniProject/features/users/service/service.go:56.2,64.22 8 1
MiniProject/features/users/service/service.go:67.61,70.16 2 1
MiniProject/features/users/service/service.go:70.16,72.3 1 1
MiniProject/features/users/service/service.go:74.2,74.20 1 1
MiniProject/features/users/service/service.go:76.64,79.16 2 1
MiniProject/features/users/service/service.go:79.16,81.3 1 1
MiniProject/features/users/service/service.go:83.2,83.20 1 1
