mode: set
MiniProject/features/appointments/service/service.go:12.95,16.2 1 1
MiniProject/features/appointments/service/service.go:18.107,21.16 2 1
MiniProject/features/appointments/service/service.go:21.16,23.3 1 1
MiniProject/features/appointments/service/service.go:25.2,25.42 1 1
MiniProject/features/appointments/service/service.go:27.94,30.16 2 1
MiniProject/features/appointments/service/service.go:30.16,32.3 1 1
MiniProject/features/appointments/service/service.go:34.2,34.20 1 1
MiniProject/features/appointments/service/service.go:36.118,40.16 2 1
MiniProject/features/appointments/service/service.go:40.16,42.3 1 1
MiniProject/features/appointments/service/service.go:44.2,44.20 1 1
MiniProject/features/appointments/service/service.go:46.111,49.16 2 1
MiniProject/features/appointments/service/service.go:49.16,51.3 1 1
MiniProject/features/appointments/service/service.go:53.2,53.20 1 1
MiniProject/features/appointments/service/service.go:55.71,58.16 2 1
MiniProject/features/appointments/service/service.go:58.16,60.3 1 1
MiniProject/features/appointments/service/service.go:62.2,62.20 1 1
MiniProject/features/medical_checkup_details/service/service.go:12.131,16.2 1 1
MiniProject/features/medical_checkup_details/service/service.go:18.168,21.16 2 1
MiniProject/features/medical_checkup_details/service/service.go:21.16,23.3 1 1
MiniProject/features/medical_checkup_details/service/service.go:25.2,25.28 1 1
MiniProject/features/medical_checkup_details/service/service.go:27.148,30.16 2 1
MiniProject/features/medical_checkup_details/service/service.go:30.16,32.3 1 1
MiniProject/features/medical_checkup_details/service/service.go:34.2,34.20 1 1
MiniProject/features/medical_checkup_details/service/service.go:36.174,39.16 2 1
MiniProject/features/medical_checkup_details/service/service.go:39.16,41.3 1 1
MiniProject/features/medical_checkup_details/service/service.go:43.2,43.20 1 1
MiniProject/features/medical_checkup_details/service/service.go:45.165,48.16 2 1
MiniProject/features/medical_checkup_details/service/service.go:48.16,50.3 1 1
MiniProject/features/medical_checkup_details/service/service.go:52.2,52.20 1 1
MiniProject/features/medical_checkup_details/service/service.go:54.107,57.16 2 1
MiniProject/features/medical_checkup_details/service/service.go:57.16,59.3 1 1
MiniProject/features/medical_checkup_details/service/service.go:61.2,61.20 1 1
MiniProject/features/medical_checkups/service/service.go:12.107,16.2 1 1
MiniProject/features/medical_checkups/service/service.go:18.102,21.16 2 1
MiniProject/features/medical_checkups/service/service.go:21.16,23.3 1 1
MiniProject/features/medical_checkups/service/service.go:25.2,25.20 1 1
MiniProject/features/medical_checkups/service/service.go:27.107,30.16 2 1
MiniProject/features/medical_checkups/service/service.go:30.16,32.3 1 1
MiniProject/features/medical_checkups/service/service.go:34.2,34.20 1 1
MiniProject/features/medical_checkups/service/service.go:36.137,39.16 2 1
MiniProject/features/medical_checkups/service/service.go:39.16,41.3 1 1
MiniProject/features/medical_checkups/service/service.go:43.2,43.20 1 1
MiniProject/features/medical_checkups/service/service.go:45.124,48.16 2 1
MiniProject/features/medical_checkups/service/service.go:48.16,50.3 1 1
MiniProject/features/medical_checkups/service/service.go:52.2,52.20 1 1
MiniProject/features/medical_checkups/service/service.go:54.78,57.16 2 1
MiniProject/features/medical_checkups/service/service.go:57.16,59.3 1 1
MiniProject/features/medical_checkups/service/service.go:61.2,61.20 1 1
MiniProject/features/medicine_categories/service/service.go:12.117,16.2 1 1
MiniProject/features/medicine_categories/service/service.go:18.108,21.16 2 1
MiniProject/features/medicine_categories/service/service.go:21.16,23.3 1 1
MiniProject/features/medicine_categories/service/service.go:25.2,25.20 1 1
MiniProject/features/medicine_categories/service/service.go:27.112,30.16 2 1
MiniProject/features/medicine_categories/service/service.go:30.16,32.3 1 1
MiniProject/features/medicine_categories/service/service.go:34.2,34.20 1 1
MiniProject/features/medicine_categories/service/service.go:36.151,39.16 2 1
MiniProject/features/medicine_categories/service/service.go:39.16,41.3 1 1
MiniProject/features/medicine_categories/service/service.go:43.2,43.20 1 1
MiniProject/features/medicine_categories/service/service.go:45.133,48.16 2 1
MiniProject/features/medicine_categories/service/service.go:48.16,50.3 1 1
MiniProject/features/medicine_categories/service/service.go:52.2,52.20 1 1
MiniProject/features/medicine_categories/service/service.go:54.82,57.16 2 1
MiniProject/features/medicine_categories/service/service.go:57.16,59.3 1 1
MiniProject/features/medicine_categories/service/service.go:61.2,61.20 1 1
MiniProject/features/medicines/service/service.go:14.126,19.2 1 1
MiniProject/features/medicines/service/service.go:21.102,24.16 2 1
MiniProject/features/medicines/service/service.go:24.16,26.3 1 1
MiniProject/features/medicines/service/service.go:28.2,28.20 1 1
MiniProject/features/medicines/service/service.go:31.82,34.16 2 1
MiniProject/features/medicines/service/service.go:34.16,36.3 1 1
MiniProject/features/medicines/service/service.go:38.2,38.20 1 1
MiniProject/features/medicines/service/service.go:41.100,44.16 2 1
MiniProject/features/medicines/service/service.go:44.16,46.3 1 1
MiniProject/features/medicines/service/service.go:48.2,48.20 1 1
MiniProject/features/medicines/service/service.go:51.99,54.16 2 1
MiniProject/features/medicines/service/service.go:54.16,56.3 1 1
MiniProject/features/medicines/service/service.go:58.2,58.20 1 1
MiniProject/features/medicines/service/service.go:61.65,64.16 2 1
MiniProject/features/medicines/service/service.go:64.16,66.3 1 1
MiniProject/features/medicines/service/service.go:68.2,68.20 1 1
MiniProject/features/medicines/service/service.go:71.84,74.16 2 0
MiniProject/features/medicines/service/service.go:74.16,76.3 1 0
MiniProject/features/medicines/service/service.go:78.2,78.23 1 0
MiniProject/features/medicines/service/service.go:81.86,84.16 2 0
MiniProject/features/medicines/service/service.go:84.16,86.3 1 0
MiniProject/features/medicines/service/service.go:88.2,88.23 1 0
MiniProject/features/medicines/service/service.go:91.82,94.16 2 1
MiniProject/features/medicines/service/service.go:94.16,96.3 1 1
MiniProject/features/medicines/service/service.go:98.2,98.20 1 1
MiniProject/features/medicines/service/service.go:101.84,104.16 2 1
MiniProject/features/medicines/service/service.go:104.16,106.3 1 1
MiniProject/features/medicines/service/service.go:108.2,108.20 1 1
MiniProject/features/transactions/service/service.go:14.122,19.2 1 1
MiniProject/features/transactions/service/service.go:21.102,24.16 2 1
MiniProject/features/transactions/service/service.go:24.16,26.3 1 1
MiniProject/features/transactions/service/service.go:28.2,28.20 1 1
MiniProject/features/transactions/service/service.go:31.106,33.16 2 1
MiniProject/features/transactions/service/service.go:33.16,35.3 1 1
MiniProject/features/transactions/service/service.go:37.2,38.16 2 1
MiniProject/features/transactions/service/service.go:38.16,40.3 1 1
MiniProject/features/transactions/service/service.go:42.2,43.16 2 1
MiniProject/features/transactions/service/service.go:43.16,45.3 1 1
MiniProject/features/transactions/service/service.go:47.2,47.25 1 1
MiniProject/features/transactions/service/service.go:50.87,52.16 2 1
MiniProject/features/transactions/service/service.go:52.16,54.3 1 1
MiniProject/features/transactions/service/service.go:56.2,57.16 2 1
MiniProject/features/transactions/service/service.go:57.16,59.3 1 1
MiniProject/features/transactions/service/service.go:61.2,61.19 1 1
MiniProject/features/transactions/service/service.go:64.88,67.16 2 1
MiniProject/features/transactions/service/service.go:67.16,69.3 1 1
MiniProject/features/transactions/service/service.go:71.2,71.17 1 1
MiniProject/features/transactions/service/service.go:74.136,77.16 2 1
MiniProject/features/transactions/service/service.go:77.16,79.3 1 1
MiniProject/features/transactions/service/service.go:81.2,81.33 1 1
MiniProject/features/users/service/service.go:15.92,20.2 1 1
MiniProject/features/users/service/service.go:22.74,25.16 2 1
MiniProject/features/users/service/service.go:25.16,26.45 1 1
MiniProject/features/users/service/service.go:26.45,28.4 1 1
MiniProject/features/users/service/service.go:29.3,29.55 1 1
MiniProject/features/users/service/service.go:29.55,31.4 1 1
MiniProject/features/users/service/service.go:32.3,32.52 1 1
MiniProject/features/users/service/service.go:35.2,35.20 1 1
MiniProject/features/users/service/service.go:37.85,40.16 2 1
MiniProject/features/users/service/service.go:40.16,41.49 1 1
MiniProject/features/users/service/service.go:41.49,43.4 1 1
MiniProject/features/users/service/service.go:44.3,44.58 1 1
MiniProject/features/users/service/service.go:44.58,46.4 1 1
MiniProject/features/users/service/service.go:47.3,47.43 1 1
MiniProject/features/users/service/service.go:50.2,52.22 2 1
MiniProject/features/users/service/service.go:52.22,54.3 1 1
MiniProject/features/users/service/service.go:56.2,64.22 8 1
MiniProject/features/users/service/service.go:67.61,70.16 2 1
MiniProject/features/users/service/service.go:70.16,72.3 1 1
MiniProject/features/users/service/service.go:74.2,74.20 1 1
MiniProject/features/users/service/service.go:76.64,79.16 2 1
MiniProject/features/users/service/service.go:79.16,81.3 1 1
MiniProject/features/users/service/service.go:83.2,83.20 1 1
