mode: set
MiniProject/features/medicine_categories/service/service.go:12.117,16.2 1 1
MiniProject/features/medicine_categories/service/service.go:18.108,21.16 2 1
MiniProject/features/medicine_categories/service/service.go:21.16,23.3 1 1
MiniProject/features/medicine_categories/service/service.go:25.2,25.20 1 1
MiniProject/features/medicine_categories/service/service.go:27.112,30.16 2 1
MiniProject/features/medicine_categories/service/service.go:30.16,32.3 1 1
MiniProject/features/medicine_categories/service/service.go:34.2,34.20 1 1
MiniProject/features/medicine_categories/service/service.go:36.151,39.16 2 1
MiniProject/features/medicine_categories/service/service.go:39.16,41.3 1 1
MiniProject/features/medicine_categories/service/service.go:43.2,43.20 1 1
MiniProject/features/medicine_categories/service/service.go:45.133,48.16 2 1
MiniProject/features/medicine_categories/service/service.go:48.16,50.3 1 1
MiniProject/features/medicine_categories/service/service.go:52.2,52.20 1 1
MiniProject/features/medicine_categories/service/service.go:54.82,57.16 2 1
MiniProject/features/medicine_categories/service/service.go:57.16,59.3 1 1
MiniProject/features/medicine_categories/service/service.go:61.2,61.20 1 1
