mode: set
MiniProject/features/users/service/service.go:15.92,20.2 1 1
MiniProject/features/users/service/service.go:22.74,25.16 2 1
MiniProject/features/users/service/service.go:25.16,26.45 1 1
MiniProject/features/users/service/service.go:26.45,28.4 1 1
MiniProject/features/users/service/service.go:29.3,29.55 1 1
MiniProject/features/users/service/service.go:29.55,31.4 1 1
MiniProject/features/users/service/service.go:32.3,32.52 1 1
MiniProject/features/users/service/service.go:35.2,35.20 1 1
MiniProject/features/users/service/service.go:37.85,40.16 2 1
MiniProject/features/users/service/service.go:40.16,41.49 1 1
MiniProject/features/users/service/service.go:41.49,43.4 1 1
MiniProject/features/users/service/service.go:44.3,44.58 1 1
MiniProject/features/users/service/service.go:44.58,46.4 1 1
MiniProject/features/users/service/service.go:47.3,47.43 1 1
MiniProject/features/users/service/service.go:50.2,52.22 2 1
MiniProject/features/users/service/service.go:52.22,54.3 1 1
MiniProject/features/users/service/service.go:56.2,64.22 8 1
MiniProject/features/users/service/service.go:67.61,70.16 2 1
MiniProject/features/users/service/service.go:70.16,72.3 1 1
MiniProject/features/users/service/service.go:74.2,74.20 1 1
MiniProject/features/users/service/service.go:76.64,79.16 2 1
MiniProject/features/users/service/service.go:79.16,81.3 1 1
MiniProject/features/users/service/service.go:83.2,83.20 1 1
